app/proguard-rules.pro
# Add project specific ProGuard rules here.
# You can control the set of applied configuration files using the
# proguardFiles setting in build.gradle.
#
# For more details, see
#   http:

# If your project uses WebView with JS, uncomment the following
# and specify the fully qualified class name to the JavaScript interface
# class:
#-keepclassmembers class fqcn.of.javascript.interface.for.webview {
#   public *;
#}

# Uncomment this to preserve the line number information for
# debugging stack traces.
#-keepattributes SourceFile,LineNumberTable

# If you keep the line number information, uncomment this to
# hide the original source file name.
#-renamesourcefileattribute SourceFile
#com.photolab.galaxyoverlay

-ignorewarnings
-keep class * {
    public private *;
}

-dontwarn com.androidlab.bokehoverlay.**
-dontwarn org.xmlpull.v1.**
-dontwarn org.kxml2.io.**
-dontwarn android.content.res.**
-dontwarn org.slf4j.impl.StaticLoggerBinder

-keep class org.xmlpull.** { *; }
-keepclassmembers class org.xmlpull.** { *; }