app/build/outputs/mapping/release/seeds.txt
com.ereader.ripcardmaker.Activities.BaseCardMakerActivity$1
com.ereader.ripcardmaker.AdAdmob$2$1
com.ereader.ripcardmaker.AdManager$1
com.ereader.ripcardmaker.R$string
com.ereader.ripcardmaker.R$dimen
com.ereader.ripcardmaker.AdManager$5
com.ereader.ripcardmaker.R$layout
com.ereader.ripcardmaker.Activities.BaseCardMakerActivity
com.ereader.ripcardmaker.R$style
com.ereader.ripcardmaker.R$color
com.ereader.ripcardmaker.Splash_Activity
com.ereader.ripcardmaker.AdAdmob$1
com.ereader.ripcardmaker.AdAdmob$3
com.ereader.ripcardmaker.R$integer
com.ereader.ripcardmaker.AdManager$6
com.ereader.ripcardmaker.R$interpolator
com.ereader.ripcardmaker.MyApplication
com.ereader.ripcardmaker.Activities.Hindi_MainActivity
com.ereader.ripcardmaker.Adapter.ImageAdapter
com.ereader.ripcardmaker.MyAppClass
com.ereader.ripcardmaker.R$bool
com.ereader.ripcardmaker.AdAdmob$2
com.ereader.ripcardmaker.AdManager$4
com.ereader.ripcardmaker.Activities.Marathi_MainActivity
com.ereader.ripcardmaker.R$mipmap
com.ereader.ripcardmaker.Main_Activity
com.ereader.ripcardmaker.AdManager$8
com.ereader.ripcardmaker.R$attr
com.ereader.ripcardmaker.Splash_Activity$1
com.ereader.ripcardmaker.AdManager$7
com.ereader.ripcardmaker.R$id
com.ereader.ripcardmaker.Model.ImageModel
com.ereader.ripcardmaker.Activities.Telugu_MainActivity
com.ereader.ripcardmaker.R$drawable
com.ereader.ripcardmaker.R$styleable
com.ereader.ripcardmaker.R$raw
com.ereader.ripcardmaker.MyUtils
com.ereader.ripcardmaker.Activities.Gujrati_MainActivity
com.ereader.ripcardmaker.AdManager$3
com.ereader.ripcardmaker.R$animator
com.ereader.ripcardmaker.AdManager$2
com.ereader.ripcardmaker.Activities.AppMainActivity
com.ereader.ripcardmaker.R$anim
com.ereader.ripcardmaker.Constants
com.ereader.ripcardmaker.R
com.ereader.ripcardmaker.R$xml
com.ereader.ripcardmaker.Save_Image_Activity
com.ereader.ripcardmaker.utils.PermissionHelper
com.ereader.ripcardmaker.BuildConfig
com.ereader.ripcardmaker.R$plurals
com.ereader.ripcardmaker.Activities.English_MainActivity
com.ereader.ripcardmaker.AdManager
com.ereader.ripcardmaker.AdAdmob
com.ereader.ripcardmaker.R$attr: int layout_constraintStart_toEndOf
com.ereader.ripcardmaker.R$attr: int badgeGravity
com.ereader.ripcardmaker.R$animator: int mtrl_fab_hide_motion_spec
com.ereader.ripcardmaker.R$style: int Widget_MaterialComponents_TabLayout_Colored
com.ereader.ripcardmaker.R$drawable: int ic_call_answer_video_low
com.ereader.ripcardmaker.R$styleable: int MotionLabel_textOutlineThickness
com.ereader.ripcardmaker.R$id: int accessibility_custom_action_2
com.ereader.ripcardmaker.R$attr: int clearsTag
com.ereader.ripcardmaker.R$color: int common_google_signin_btn_text_light_default
com.ereader.ripcardmaker.R$dimen: int m3_comp_date_picker_modal_range_selection_header_container_height
com.ereader.ripcardmaker.R$styleable: int KeyTrigger_viewTransitionOnNegativeCross
com.ereader.ripcardmaker.R$style: int Widget_AppCompat_Light_PopupMenu
com.ereader.ripcardmaker.R$style: int ThemeOverlay_Material3_Dialog_Alert
com.ereader.ripcardmaker.R$dimen: int compat_button_inset_vertical_material
com.ereader.ripcardmaker.R$dimen: int _578sdp
com.ereader.ripcardmaker.R$attr: int actionModeCopyDrawable
com.ereader.ripcardmaker.R$color: int design_default_color_on_background
com.ereader.ripcardmaker.R$styleable: int KeyCycle_curveFit
com.ereader.ripcardmaker.R$styleable: int SwitchCompat_trackTint
com.ereader.ripcardmaker.R$dimen: int m3_sys_motion_easing_standard_decelerate_control_y1
com.ereader.ripcardmaker.R$anim: int btn_radio_to_off_mtrl_dot_group_animation
com.ereader.ripcardmaker.R$id: int open_search_view_clear_button
com.ereader.ripcardmaker.R$styleable: int[] GradientColor
com.ereader.ripcardmaker.R$dimen: int _497sdp
com.ereader.ripcardmaker.R$attr: int layout_constraintCircleAngle
com.ereader.ripcardmaker.R$id: int transition_pause_alpha
com.ereader.ripcardmaker.R$raw: int imgview_diamond
com.ereader.ripcardmaker.R$dimen: int mtrl_slider_label_square_side
...
com.google.common.collect.Iterables$UnmodifiableIterable: java.lang.Iterable iterable
com.bumptech.glide.R$layout: int abc_screen_simple_overlay_action_mode
com.google.android.material.R$styleable: int ActionBar_itemPadding
com.google.common.collect.AbstractMapBasedMultiset: long serialVersionUID
com.google.android.gms.internal.ads.zzckd: com.google.android.gms.internal.ads.zzhfl zzba
com.google.android.gms.internal.measurement.zzld: com.google.android.gms.internal.measurement.zzld zza
androidx.core.view.accessibility.AccessibilityNodeInfoCompat: java.lang.String ACTION_ARGUMENT_SET_TEXT_CHARSEQUENCE
com.google.android.gms.ads.internal.client.zzy: java.lang.String zzb
androidx.constraintlayout.core.motion.utils.SpringStopEngine: double mStiffness
com.google.android.gms.internal.ads.zzbmu: boolean zzc
androidx.privacysandbox.ads.adservices.adselection.AdSelectionConfig: androidx.privacysandbox.ads.adservices.common.AdSelectionSignals adSelectionSignals
androidx.core.view.ContentInfoCompat$Builder: androidx.core.view.ContentInfoCompat$BuilderCompat mBuilderCompat
com.google.android.material.R$style: int Base_Widget_AppCompat_ActionBar_TabText
com.google.android.material.R$attr: int subMenuArrow
androidx.exifinterface.media.ExifInterface: java.lang.String TAG_PIXEL_X_DIMENSION
com.intuit.sdp.R$dimen: int _174sdp
androidx.constraintlayout.motion.widget.KeyTrigger: java.lang.String TRIGGER_RECEIVER
com.google.android.gms.internal.ads.zzcjt: com.google.android.gms.internal.ads.zzhfl zzcH
com.google.android.material.transition.platform.MaterialContainerTransform$TransitionDrawable: android.graphics.RectF currentEndBoundsMasked
com.google.android.gms.internal.ads.zzeam: com.google.common.util.concurrent.ListenableFuture zzc
androidx.constraintlayout.motion.widget.MotionController: java.util.HashMap mTimeCycleAttributesMap
com.google.android.material.floatingactionbutton.FloatingActionButtonImpl: android.graphics.RectF tmpRectF1
com.google.android.gms.internal.ads.zzdml: java.lang.String zzf
com.google.android.gms.ads.internal.overlay.zzm: java.lang.Object zzo
com.google.android.gms.internal.ads.zzdl: java.util.regex.Pattern zzb
com.google.android.gms.internal.ads.zzata: java.lang.String zzc
androidx.core.graphics.drawable.IconCompat: int KEY_SHADOW_ALPHA
com.google.android.gms.internal.ads.zzbcy: com.google.android.gms.internal.ads.zzhfu zza
androidx.drawerlayout.widget.DrawerLayout: int mLockModeRight
com.google.android.gms.signin.internal.zag: java.lang.String zab
com.flask.colorpicker.slider.AlphaSlider: int color
com.google.android.gms.internal.ads.zzesy: boolean zze
androidx.constraintlayout.motion.widget.KeyCycle$Loader: int TARGET_ID
com.google.common.collect.DenseImmutableTable$ImmutableArrayMap$1: int index
br.com.sapereaude.maskedEditText.R$styleable: int MenuGroup_android_menuCategory
androidx.appcompat.widget.ToolbarWidgetWrapper: java.lang.String TAG
androidx.constraintlayout.core.dsl.OnSwipe: float mSpringMass
com.google.android.gms.internal.ads.zzvp: com.google.android.gms.internal.ads.zzvp zzd
com.bumptech.glide.request.SingleRequest: com.bumptech.glide.load.engine.Engine engine
com.google.android.gms.internal.ads.zzdbo: com.google.android.gms.internal.ads.zzhfu zza
com.google.android.material.R$styleable: int TabLayout_tabIconTintMode
com.google.android.gms.internal.ads.zzcil: com.google.android.gms.internal.ads.zzhfl zzbV
com.google.android.gms.internal.ads.zzbbc$zzbe: int zzm
androidx.activity.result.IntentSenderRequest: int flagsValues
com.google.android.gms.internal.ads.zzgwm: int zza
com.google.android.material.appbar.CollapsingToolbarLayout: int scrimAlpha
androidx.transition.Transition: java.lang.String MATCH_INSTANCE_STR
com.google.android.material.dialog.MaterialAlertDialogBuilder: android.graphics.Rect backgroundInsets
kotlinx.coroutines.sync.SemaphoreKt: kotlinx.coroutines.internal.Symbol BROKEN
com.flask.colorpicker.R$styleable: int AppCompatTheme_android_windowIsFloating