app/build/outputs/mapping/release/mapping.txt
# compiler: R8
# compiler_version: 8.4.26
# min_api: 21
# common_typos_disable
# {"id":"com.android.tools.r8.mapping","version":"2.2"}
# pg_map_id: e7d3d09
# pg_map_hash: SHA-256 e7d3d09acc7c66d1f62cd2d40186aecd8f6506af0edd2fbd97be1ebf5c35a761
com.ereader.ripcardmaker.Activities.AppMainActivity -> com.ereader.ripcardmaker.Activities.AppMainActivity:
# {"id":"sourceFile","fileName":"AppMainActivity.java"}
    android.widget.ImageView death_card_maker_rip_pp -> f
    android.widget.ImageView death_card_maker_rip_rate -> g
    android.widget.ImageView death_card_maker_rip_share -> h
    android.widget.Button death_card_maker_rip_text -> i
    androidx.appcompat.app.AlertDialog exitDialog -> j
    1:1:void $r8$lambda$3iT8lhHFgzd9u2zmEyYU4eQynzc(com.ereader.ripcardmaker.Activities.AppMainActivity,android.view.View):0:0 -> q
      # {"id":"com.android.tools.r8.synthesized"}
    1:1:void $r8$lambda$DgpHQcOl1SiJO2BvoIWSO-6DIts(com.ereader.ripcardmaker.Activities.AppMainActivity,android.view.View):0:0 -> r
      # {"id":"com.android.tools.r8.synthesized"}
    1:1:void $r8$lambda$GJXuYEXAsy1SqAHZP_1IsQzX_Y8(com.ereader.ripcardmaker.Activities.AppMainActivity,android.view.View):0:0 -> s
      # {"id":"com.android.tools.r8.synthesized"}
    1:1:void $r8$lambda$XrYpAGejOfgbqYgBl2vkmqOEK-8(com.ereader.ripcardmaker.Activities.AppMainActivity,android.view.View):0:0 -> t
      # {"id":"com.android.tools.r8.synthesized"}
    1:1:void $r8$lambda$bW7lFWO9u-nNVDxRDs7IJgct9Nw(com.ereader.ripcardmaker.Activities.AppMainActivity,android.view.View):0:0 -> u
      # {"id":"com.android.tools.r8.synthesized"}
    1:1:void $r8$lambda$kpSLyk9gq32QA_X6pYZHIPXq17g(com.ereader.ripcardmaker.Activities.AppMainActivity,android.view.View):0:0 -> v
com.ereader.ripcardmaker.Activities.AppMainActivity$$ExternalSyntheticApiModelOutline0 -> com.ereader.ripcardmaker.Activities.a:
# {"id":"sourceFile","fileName":"R8$$SyntheticClass"}
# {"id":"com.android.tools.r8.synthesized"}
    1:1:int m(com.ereader.ripcardmaker.Activities.AppMainActivity,java.lang.String):0:0 -> a
      # {"id":"com.android.tools.r8.synthesized"}
com.ereader.ripcardmaker.Activities.AppMainActivity$$ExternalSyntheticLambda1 -> com.ereader.ripcardmaker.Activities.b:
# {"id":"sourceFile","fileName":"R8$$SyntheticClass"}
# {"id":"com.android.tools.r8.synthesized"}
    com.ereader.ripcardmaker.Activities.AppMainActivity com.ereader.ripcardmaker.Activities.AppMainActivity$$InternalSyntheticLambda$1$e1bedf2202eb4fec2496497dfdd6dd3f07174185aa48da0f174edd3b1fafb54b$0.f$0 -> a
      # {"id":"com.android.tools.r8.synthesized"}
    1:1:void <init>(com.ereader.ripcardmaker.Activities.AppMainActivity):0:0 -> <init>
      # {"id":"com.android.tools.r8.synthesized"}
    1:1:void onClick(android.view.View):0:0 -> onClick
      # {"id":"com.android.tools.r8.synthesized"}
com.ereader.ripcardmaker.Activities.AppMainActivity$$ExternalSyntheticLambda2 -> com.ereader.ripcardmaker.Activities.c:
# {"id":"sourceFile","fileName":"R8$$SyntheticClass"}
# {"id":"com.android.tools.r8.synthesized"}
    com.ereader.ripcardmaker.Activities.AppMainActivity com.ereader.ripcardmaker.Activities.AppMainActivity$$InternalSyntheticLambda$1$e1bedf2202eb4fec2496497dfdd6dd3f07174185aa48da0f174edd3b1fafb54b$1.f$0 -> a
      # {"id":"com.android.tools.r8.synthesized"}
    1:1:void <init>(com.ereader.ripcardmaker.Activities.AppMainActivity):0:0 -> <init>
      # {"id":"com.android.tools.r8.synthesized"}
    1:1:void onClick(android.view.View):0:0 -> onClick
      # {"id":"com.android.tools.r8.synthesized"}
...
androidx.appcompat.widget.ActivityChooserView$2 -> androidx.appcompat.widget.ActivityChooserView$2:
# {"id":"sourceFile","fileName":"ActivityChooserView.java"}
    androidx.appcompat.widget.ActivityChooserView this$0 -> a
androidx.appcompat.widget.ActivityChooserView$3 -> androidx.appcompat.widget.ActivityChooserView$3:
# {"id":"sourceFile","fileName":"ActivityChooserView.java"}
    androidx.appcompat.widget.ActivityChooserView this$0 -> a
androidx.appcompat.widget.ActivityChooserView$4 -> androidx.appcompat.widget.ActivityChooserView$4:
# {"id":"sourceFile","fileName":"ActivityChooserView.java"}
    androidx.appcompat.widget.ActivityChooserView this$0 -> b
androidx.appcompat.widget.ActivityChooserView$5 -> androidx.appcompat.widget.ActivityChooserView$5:
# {"id":"sourceFile","fileName":"ActivityChooserView.java"}
    androidx.appcompat.widget.ActivityChooserView this$0 -> a
androidx.appcompat.widget.ActivityChooserView$ActivityChooserViewAdapter -> androidx.appcompat.widget.ActivityChooserView$ActivityChooserViewAdapter:
# {"id":"sourceFile","fileName":"ActivityChooserView.java"}
    androidx.appcompat.widget.ActivityChooserView this$0 -> a
androidx.appcompat.widget.ActivityChooserView$Callbacks -> androidx.appcompat.widget.ActivityChooserView$Callbacks:
# {"id":"sourceFile","fileName":"ActivityChooserView.java"}
    androidx.appcompat.widget.ActivityChooserView this$0 -> a
androidx.appcompat.widget.ActivityChooserView$InnerLayout -> androidx.appcompat.widget.ActivityChooserView$InnerLayout:
# {"id":"sourceFile","fileName":"ActivityChooserView.java"}
androidx.appcompat.widget.AlertDialogLayout -> androidx.appcompat.widget.AlertDialogLayout:
# {"id":"sourceFile","fileName":"AlertDialogLayout.java"}
    1:1:void <init>(android.content.Context):0:0 -> <init>
    2:2:void <init>(android.content.Context,android.util.AttributeSet):0:0 -> <init>
androidx.appcompat.widget.AppCompatAutoCompleteTextView -> androidx.appcompat.widget.AppCompatAutoCompleteTextView:
# {"id":"sourceFile","fileName":"AppCompatAutoCompleteTextView.java"}
    1:1:void <init>(android.content.Context):0:0 -> <init>
    2:2:void <init>(android.content.Context,android.util.AttributeSet):0:0 -> <init>
    3:3:void <init>(android.content.Context,android.util.AttributeSet,int):0:0 -> <init>
    1:1:void initEmojiKeyListener(androidx.appcompat.widget.AppCompatEmojiEditTextHelper):0:0 -> a
androidx.appcompat.widget.AppCompatAutoCompleteTextView$InspectionCompanion -> androidx.appcompat.widget.AppCompatAutoCompleteTextView$InspectionCompanion:
# {"id":"sourceFile","fileName":"AppCompatAutoCompleteTextView$InspectionCompanion.java"}
    1:1:void readProperties(androidx.appcompat.widget.AppCompatAutoCompleteTextView,android.view.inspector.PropertyReader):0:0 -> readProperties
    2:2:void readProperties(java.lang.Object,android.view.inspector.PropertyReader):0:0 -> readProperties
androidx.appcompat.widget.AppCompatAutoCompleteTextView$InspectionCompanion$$ExternalSyntheticApiModelOutline0 -> androidx.appcompat.widget.a:
# {"id":"sourceFile","fileName":"R8$$SyntheticClass"}
# {"id":"com.android.tools.r8.synthesized"}
    1:1:void m(android.view.inspector.PropertyReader,int,java.lang.Object):0:0 -> a
      # {"id":"com.android.tools.r8.synthesized"}
androidx.appcompat.widget.AppCompatAutoCompleteTextView$InspectionCompanion$$ExternalSyntheticApiModelOutline1 -> androidx.appcompat.widget.b:
# {"id":"sourceFile","fileName":"R8$$SyntheticClass"}
# {"id":"com.android.tools.r8.synthesized"}
    1:1:android.content.res.ColorStateList m(androidx.appcompat.widget.AppCompatAutoCompleteTextView):0:0 -> a
      # {"id":"com.android.tools.r8.synthesized"}