app/build/outputs/mapping/release/usage.txt
com.ereader.ripcardmaker.Activities.BaseCardMakerActivity:
    protected android.widget.TextView death_card_maker_rip_mset_btn
...
androidx.recyclerview.widget.ItemTouchHelper:
    static final int ACTION_MODE_DRAG_MASK
    static final int ACTION_MODE_SWIPE_MASK
    static final int DIRECTION_FLAG_COUNT
androidx.recyclerview.widget.LayoutState:
    static final int INVALID_LAYOUT
    static final int ITEM_DIRECTION_HEAD
    static final int ITEM_DIRECTION_TAIL
    static final int LAYOUT_END
    static final int LAYOUT_START
androidx.recyclerview.widget.LinearLayoutManager$LayoutState:
    static final int INVALID_LAYOUT
    static final int ITEM_DIRECTION_HEAD
    static final int ITEM_DIRECTION_TAIL
    static final int LAYOUT_END
    static final int LAYOUT_START
    static final int SCROLLING_OFFSET_NaN
    static final java.lang.String TAG
    void log()
androidx.recyclerview.widget.LinearLayoutManager:
    static final boolean DEBUG
    void validateChildOrder()
androidx.recyclerview.widget.ListAdapter$1:
    void <init>(androidx.recyclerview.widget.ListAdapter)
androidx.recyclerview.widget.ListAdapter:
    protected void <init>(androidx.recyclerview.widget.AsyncDifferConfig)
    protected void <init>(androidx.recyclerview.widget.DiffUtil$ItemCallback)
    protected java.lang.Object getItem(int)
androidx.recyclerview.widget.MessageThreadUtil$1:
    static final int ADD_TILE
    static final int REMOVE_TILE
    static final int UPDATE_ITEM_COUNT
androidx.recyclerview.widget.MessageThreadUtil$2:
    static final int LOAD_TILE
    static final int RECYCLE_TILE
    static final int REFRESH
    static final int UPDATE_RANGE
androidx.recyclerview.widget.RecyclerView$RecycledViewPool:
    int size()
androidx.recyclerview.widget.RecyclerView$Recycler:
    static final int DEFAULT_CACHE_SIZE
androidx.recyclerview.widget.RecyclerView$State:
    static final int STEP_ANIMATIONS
    static final int STEP_LAYOUT
    static final int STEP_START
androidx.recyclerview.widget.RecyclerView$ViewHolder:
    static final int FLAG_ADAPTER_FULLUPDATE
    static final int FLAG_ADAPTER_POSITION_UNKNOWN
    static final int FLAG_APPEARED_IN_PRE_LAYOUT
    static final int FLAG_BOUNCED_FROM_HIDDEN_LIST
    static final int FLAG_BOUND
    static final int FLAG_IGNORE
    static final int FLAG_INVALID
    static final int FLAG_MOVED
    static final int FLAG_NOT_RECYCLABLE
    static final int FLAG_REMOVED
    static final int FLAG_RETURNED_FROM_SCRAP
    static final int FLAG_TMP_DETACHED
    static final int FLAG_UPDATE
    static final int PENDING_ACCESSIBILITY_STATE_NOT_SET
androidx.recyclerview.widget.RecyclerView:
    static final boolean DEBUG
    static final int DEFAULT_ORIENTATION
    static final boolean DISPATCH_TEMP_DETACH
    static final long FOREVER_NS
    static final int MAX_SCROLL_DURATION
    static final java.lang.String TAG
    static final java.lang.String TRACE_BIND_VIEW_TAG
    static final java.lang.String TRACE_CREATE_VIEW_TAG
    static final java.lang.String TRACE_NESTED_PREFETCH_TAG
    static final java.lang.String TRACE_PREFETCH_TAG
    static final java.lang.String TRACE_SCROLL_TAG
    static final boolean VERBOSE_TRACING
androidx.recyclerview.widget.SnapHelper:
    static final float MILLISECONDS_PER_INCH
androidx.recyclerview.widget.StaggeredGridLayoutManager$Span:
    static final int INVALID_LINE
androidx.recyclerview.widget.StaggeredGridLayoutManager:
    static final boolean DEBUG
    static final int INVALID_OFFSET